生成启动时间为 2015/5/25 21:28:42。
     1>项目“F:\mogu\Win32\PathInBTree\PathInBTree\PathInBTree.vcxproj”在节点 2 上(build 个目标)。
     1>InitializeBuildStatus:
         正在创建“Debug\PathInBTree.unsuccessfulbuild”，因为已指定“AlwaysCreate”。
       ClCompile:
         D:\Program Files\Microsoft Visual Studio 10.0\VC\bin\CL.exe /c /I"D:\Program Files\MATLAB\R2010b\extern\include\win32" /I"D:\Program Files\MATLAB\R2010b\extern\include" /AI"D:\Program Files\MATLAB\R2010b\extern\lib\win32\microsoft" /ZI /nologo /W3 /WX- /Od /Oy- /D WIN32 /D _DEBUG /D _CONSOLE /D _UNICODE /D UNICODE /Gm /EHsc /RTC1 /MDd /GS /fp:precise /Zc:wchar_t /Zc:forScope /Fo"Debug\\" /Fd"Debug\vc100.pdb" /Gd /TP /analyze- /errorReport:prompt PathInBTree.cpp
         PathInBTree.cpp
       ManifestResourceCompile:
         所有输出均为最新。
       Link:
         D:\Program Files\Microsoft Visual Studio 10.0\VC\bin\link.exe /ERRORREPORT:PROMPT /OUT:"F:\mogu\Win32\PathInBTree\Debug\PathInBTree.exe" /INCREMENTAL /NOLOGO /LIBPATH:"D:\Program Files\MATLAB\R2010b\extern\lib\win32\microsoft" Gdi32.lib user32.lib libeng.lib libmat.lib libmex.lib libmx.lib mclmcrrt.lib mclmcr.lib opencv_calib3d243.lib opencv_contrib243.lib opencv_core243.lib opencv_features2d243.lib opencv_flann243.lib opencv_gpu243.lib opencv_highgui243.lib opencv_imgproc243.lib opencv_legacy243.lib opencv_ml243.lib opencv_nonfree243.lib opencv_objdetect243.lib opencv_photo243.lib opencv_stitching243.lib opencv_ts243.lib opencv_video243.lib opencv_videostab243.lib /MANIFEST /ManifestFile:"Debug\PathInBTree.exe.intermediate.manifest" /MANIFESTUAC:"level='asInvoker' uiAccess='false'" /DEBUG /PDB:"F:\mogu\Win32\PathInBTree\Debug\PathInBTree.pdb" /SUBSYSTEM:CONSOLE /TLBID:1 /DYNAMICBASE /NXCOMPAT /IMPLIB:"F:\mogu\Win32\PathInBTree\Debug\PathInBTree.lib" /MACHINE:X86 Debug\PathInBTree.exe.embed.manifest.res
         Debug\PathInBTree.obj
       Manifest:
         C:\Program Files\Microsoft SDKs\Windows\v7.0A\bin\mt.exe /nologo /verbose /out:"Debug\PathInBTree.exe.embed.manifest" /manifest Debug\PathInBTree.exe.intermediate.manifest
         所有输出均为最新。
       LinkEmbedManifest:
         所有输出均为最新。
         PathInBTree.vcxproj -> F:\mogu\Win32\PathInBTree\Debug\PathInBTree.exe
       FinalizeBuildStatus:
         正在删除文件“Debug\PathInBTree.unsuccessfulbuild”。
         正在对“Debug\PathInBTree.lastbuildstate”执行 Touch 任务。
     1>已完成生成项目“F:\mogu\Win32\PathInBTree\PathInBTree\PathInBTree.vcxproj”(build 个目标)的操作。

生成成功。

已用时间 00:00:01.34
