生成启动时间为 2015/5/5 14:59:49。
     1>项目“F:\mogu\Win32\CMyString\CMyString\CMyString.vcxproj”在节点 2 上(build 个目标)。
     1>InitializeBuildStatus:
         正在创建“Debug\CMyString.unsuccessfulbuild”，因为已指定“AlwaysCreate”。
       ClCompile:
         D:\Program Files\Microsoft Visual Studio 10.0\VC\bin\CL.exe /c /I"D:\Program Files\MATLAB\R2010b\extern\include\win32" /I"D:\Program Files\MATLAB\R2010b\extern\include" /AI"D:\Program Files\MATLAB\R2010b\extern\lib\win32\microsoft" /ZI /nologo /W3 /WX- /Od /Oy- /D WIN32 /D _DEBUG /D _CONSOLE /D _UNICODE /D UNICODE /Gm /EHsc /RTC1 /MDd /GS /fp:precise /Zc:wchar_t /Zc:forScope /Fo"Debug\\" /Fd"Debug\vc100.pdb" /Gd /TP /analyze- /errorReport:prompt MyString.cpp
         MyString.cpp
     1>f:\mogu\win32\cmystring\cmystring\mystring.cpp(9): warning C4996: 'strcpy': This function or variable may be unsafe. Consider using strcpy_s instead. To disable deprecation, use _CRT_SECURE_NO_WARNINGS. See online help for details.
                 d:\program files\microsoft visual studio 10.0\vc\include\string.h(105) : 参见“strcpy”的声明
     1>f:\mogu\win32\cmystring\cmystring\mystring.cpp(16): warning C4996: 'strcpy': This function or variable may be unsafe. Consider using strcpy_s instead. To disable deprecation, use _CRT_SECURE_NO_WARNINGS. See online help for details.
                 d:\program files\microsoft visual studio 10.0\vc\include\string.h(105) : 参见“strcpy”的声明
       ManifestResourceCompile:
         所有输出均为最新。
       Link:
         D:\Program Files\Microsoft Visual Studio 10.0\VC\bin\link.exe /ERRORREPORT:PROMPT /OUT:"F:\mogu\Win32\CMyString\Debug\CMyString.exe" /INCREMENTAL /NOLOGO /LIBPATH:"D:\Program Files\MATLAB\R2010b\extern\lib\win32\microsoft" Gdi32.lib user32.lib libeng.lib libmat.lib libmex.lib libmx.lib mclmcrrt.lib mclmcr.lib opencv_calib3d243.lib opencv_contrib243.lib opencv_core243.lib opencv_features2d243.lib opencv_flann243.lib opencv_gpu243.lib opencv_highgui243.lib opencv_imgproc243.lib opencv_legacy243.lib opencv_ml243.lib opencv_nonfree243.lib opencv_objdetect243.lib opencv_photo243.lib opencv_stitching243.lib opencv_ts243.lib opencv_video243.lib opencv_videostab243.lib /MANIFEST /ManifestFile:"Debug\CMyString.exe.intermediate.manifest" /MANIFESTUAC:"level='asInvoker' uiAccess='false'" /DEBUG /PDB:"F:\mogu\Win32\CMyString\Debug\CMyString.pdb" /SUBSYSTEM:CONSOLE /TLBID:1 /DYNAMICBASE /NXCOMPAT /IMPLIB:"F:\mogu\Win32\CMyString\Debug\CMyString.lib" /MACHINE:X86 Debug\CMyString.exe.embed.manifest.res
         Debug\mian.obj
         Debug\MyString.obj
       Manifest:
         C:\Program Files\Microsoft SDKs\Windows\v7.0A\bin\mt.exe /nologo /verbose /out:"Debug\CMyString.exe.embed.manifest" /manifest Debug\CMyString.exe.intermediate.manifest
         所有输出均为最新。
       LinkEmbedManifest:
         所有输出均为最新。
         CMyString.vcxproj -> F:\mogu\Win32\CMyString\Debug\CMyString.exe
       FinalizeBuildStatus:
         正在删除文件“Debug\CMyString.unsuccessfulbuild”。
         正在对“Debug\CMyString.lastbuildstate”执行 Touch 任务。
     1>已完成生成项目“F:\mogu\Win32\CMyString\CMyString\CMyString.vcxproj”(build 个目标)的操作。

生成成功。

已用时间 00:00:01.54
