生成启动时间为 2015/5/20 20:24:23。
     1>项目“F:\mogu\Win32\StackWithMin\StackWithMin\StackWithMin.vcxproj”在节点 2 上(build 个目标)。
     1>InitializeBuildStatus:
         正在创建“Release\StackWithMin.unsuccessfulbuild”，因为已指定“AlwaysCreate”。
       ClCompile:
         D:\Program Files\Microsoft Visual Studio 10.0\VC\bin\CL.exe /c /I"D:\Program Files\MATLAB\R2010b\extern\include\win32" /I"D:\Program Files\MATLAB\R2010b\extern\include" /AI"D:\Program Files\MATLAB\R2010b\extern\lib\win32\microsoft" /Zi /nologo /W3 /WX- /O2 /Oi /Oy- /GL /D WIN32 /D NDEBUG /D _CONSOLE /D _UNICODE /D UNICODE /Gm- /EHsc /MD /GS /Gy /fp:precise /Zc:wchar_t /Zc:forScope /Fo"Release\\" /Fd"Release\vc100.pdb" /Gd /TP /analyze- /errorReport:prompt main.cpp
         main.cpp
     1>f:\mogu\win32\stackwithmin\stackwithmin\StackWithMin.h(50): warning C4172: 返回局部变量或临时变量的地址
       Link:
         D:\Program Files\Microsoft Visual Studio 10.0\VC\bin\link.exe /ERRORREPORT:PROMPT /OUT:"F:\mogu\Win32\StackWithMin\Release\StackWithMin.exe" /INCREMENTAL:NO /NOLOGO /LIBPATH:"D:\Program Files\MATLAB\R2010b\extern\lib\win32\microsoft" Gdi32.lib user32.lib libeng.lib libmat.lib libmex.lib libmx.lib mclmcrrt.lib mclmcr.lib opencv_calib3d243.lib opencv_contrib243.lib opencv_core243.lib opencv_features2d243.lib opencv_flann243.lib opencv_gpu243.lib opencv_highgui243.lib opencv_imgproc243.lib opencv_legacy243.lib opencv_ml243.lib opencv_nonfree243.lib opencv_objdetect243.lib opencv_photo243.lib opencv_stitching243.lib opencv_ts243.lib opencv_video243.lib opencv_videostab243.lib /MANIFEST /ManifestFile:"Release\StackWithMin.exe.intermediate.manifest" /MANIFESTUAC:"level='asInvoker' uiAccess='false'" /DEBUG /PDB:"F:\mogu\Win32\StackWithMin\Release\StackWithMin.pdb" /SUBSYSTEM:CONSOLE /OPT:REF /OPT:ICF /LTCG /TLBID:1 /DYNAMICBASE /NXCOMPAT /IMPLIB:"F:\mogu\Win32\StackWithMin\Release\StackWithMin.lib" /MACHINE:X86 Release\main.obj
         正在生成代码
         已完成代码的生成
         StackWithMin.vcxproj -> F:\mogu\Win32\StackWithMin\Release\StackWithMin.exe
       Manifest:
         C:\Program Files\Microsoft SDKs\Windows\v7.0A\bin\mt.exe /nologo /verbose /outputresource:"F:\mogu\Win32\StackWithMin\Release\StackWithMin.exe;#1" /manifest Release\StackWithMin.exe.intermediate.manifest
       FinalizeBuildStatus:
         正在删除文件“Release\StackWithMin.unsuccessfulbuild”。
         正在对“Release\StackWithMin.lastbuildstate”执行 Touch 任务。
     1>已完成生成项目“F:\mogu\Win32\StackWithMin\StackWithMin\StackWithMin.vcxproj”(build 个目标)的操作。

生成成功。

已用时间 00:00:01.50
